#
# A fatal error has been detected by the Java Runtime Environment:
#
#  EXCEPTION_ACCESS_VIOLATION (0xc0000005) at pc=0x67d014e4, pid=1488, tid=6056
#
# JRE version: 7.0_02-b13
# Java VM: Java HotSpot(TM) Client VM (22.0-b10 mixed mode windows-x86 )
# Problematic frame:
# V  [jvm.dll+0x1614e4]
#
# Failed to write core dump. Minidumps are not enabled by default on client versions of Windows
#
# If you would like to submit a bug report, please visit:
#   http://bugreport.sun.com/bugreport/crash.jsp
#

---------------  T H R E A D  ---------------

Current thread (0x04811000):  JavaThread "JDWP Transport Listener: dt_socket" daemon [_thread_in_vm, id=6056, stack(0x04fe0000,0x05030000)]

siginfo: ExceptionCode=0xc0000005, reading address 0x0000000c

Registers:
EAX=0x00000000, EBX=0x0f43d790, ECX=0x0000000c, EDX=0x00000000
ESP=0x0502f564, EBP=0x0502f570, ESI=0x0000000c, EDI=0x0000002a
EIP=0x67d014e4, EFLAGS=0x00010202

Top of Stack: (sp=0x0502f564)
0x0502f564:   04811128 0f43d790 04811000 0502f580
0x0502f574:   67bbfbc0 0000000c 0000002a 0502f5a8
0x0502f584:   67c40b13 0f43d790 04811128 6b98e174
0x0502f594:   6b98e15c 04811000 00000000 04811128
0x0502f5a4:   0502f66c 6b98e99c 6b9763b2 04811128
0x0502f5b4:   04796f50 00000000 0502f5e0 0502f66c
0x0502f5c4:   05655bc0 0502f61c 04796f50 0502f5ec
0x0502f5d4:   6b97bd12 0502f5ec 0502f620 6b98e890 

Instructions: (pc=0x67d014e4)
0x67d014c4:   cc cc cc cc cc cc cc cc cc cc cc cc 55 8b ec 57
0x67d014d4:   8b 7d 0c 33 c0 33 d2 85 ff 7e 2e 53 56 8b 75 08
0x67d014e4:   0f b7 0c 56 8d 59 ff 66 83 fb 7e 77 03 40 eb 12
0x67d014f4:   bb ff 07 00 00 66 3b cb 77 05 83 c0 02 eb 03 83 


Register to memory mapping:

EAX=0x00000000 is an unknown value
EBX=
[error occurred during error reporting (printing register info), id 0xc0000005]

Stack: [0x04fe0000,0x05030000],  sp=0x0502f564,  free space=317k
Native frames: (J=compiled Java code, j=interpreted, Vv=VM code, C=native code)
V  [jvm.dll+0x1614e4]
V  [jvm.dll+0x1fbc0]
V  [jvm.dll+0xa0b13]


---------------  P R O C E S S  ---------------

Java Threads: ( => current thread )
  0x0482f000 JavaThread "Service Thread" daemon [_thread_blocked, id=2464, stack(0x05450000,0x054a0000)]
  0x0482b800 JavaThread "C1 CompilerThread0" daemon [_thread_blocked, id=4576, stack(0x053d0000,0x05420000)]
  0x0481a800 JavaThread "JDWP Command Reader" daemon [_thread_in_native, id=4196, stack(0x05240000,0x05290000)]
  0x04819400 JavaThread "JDWP Event Helper Thread" daemon [_thread_blocked, id=3360, stack(0x04980000,0x049d0000)]
=>0x04811000 JavaThread "JDWP Transport Listener: dt_socket" daemon [_thread_in_vm, id=6056, stack(0x04fe0000,0x05030000)]
  0x0480bc00 JavaThread "Attach Listener" daemon [_thread_blocked, id=4288, stack(0x04df0000,0x04e40000)]
  0x04808c00 JavaThread "Signal Dispatcher" daemon [_thread_blocked, id=3900, stack(0x02120000,0x02170000)]
  0x0478b000 JavaThread "Finalizer" daemon [_thread_blocked, id=5480, stack(0x021f0000,0x02240000)]
  0x04786000 JavaThread "Reference Handler" daemon [_thread_blocked, id=3660, stack(0x04ab0000,0x04b00000)]
  0x0225ac00 JavaThread "main" [_thread_blocked, id=5936, stack(0x021a0000,0x021f0000)]

Other Threads:
  0x04781c00 VMThread [stack: 0x049d0000,0x04a20000] [id=5536]
  0x04838800 WatcherThread [stack: 0x052d0000,0x05320000] [id=5208]

VM state:not at safepoint (normal execution)

VM Mutex/Monitor currently owned by a thread: None

Heap
 def new generation   total 4928K, used 4841K [0x0f010000, 0x0f560000, 0x14560000)
  eden space 4416K,  98% used [0x0f010000, 0x0f44a700, 0x0f460000)
  from space 512K, 100% used [0x0f4e0000, 0x0f560000, 0x0f560000)
  to   space 512K,   0% used [0x0f460000, 0x0f460000, 0x0f4e0000)
 tenured generation   total 10944K, used 3072K [0x14560000, 0x15010000, 0x1f010000)
   the space 10944K,  28% used [0x14560000, 0x148603b8, 0x14860400, 0x15010000)
 compacting perm gen  total 12288K, used 6597K [0x1f010000, 0x1fc10000, 0x23010000)
   the space 12288K,  53% used [0x1f010000, 0x1f681590, 0x1f681600, 0x1fc10000)
No shared spaces configured.

Code Cache  [0x026d0000, 0x027d0000, 0x046d0000)
 total_blobs=416 nmethods=258 adapters=102 free_code_cache=31744Kb largest_free_block=32506048

Dynamic libraries:
0x00cd0000 - 0x00cff000 	D:\Java\jdk1.7.0_02\bin\javaw.exe
0x77af0000 - 0x77c70000 	C:\Windows\SysWOW64\ntdll.dll
0x75a00000 - 0x75b10000 	C:\Windows\syswow64\kernel32.dll
0x76fc0000 - 0x77007000 	C:\Windows\syswow64\KERNELBASE.dll
0x75b10000 - 0x75bb1000 	C:\Windows\syswow64\ADVAPI32.dll
0x757e0000 - 0x7588c000 	C:\Windows\syswow64\msvcrt.dll
0x758f0000 - 0x75909000 	C:\Windows\SysWOW64\sechost.dll
0x75910000 - 0x75a00000 	C:\Windows\syswow64\RPCRT4.dll
0x755f0000 - 0x75650000 	C:\Windows\syswow64\SspiCli.dll
0x755e0000 - 0x755ec000 	C:\Windows\syswow64\CRYPTBASE.dll
0x76b10000 - 0x76c10000 	C:\Windows\syswow64\USER32.dll
0x77160000 - 0x771f0000 	C:\Windows\syswow64\GDI32.dll
0x770e0000 - 0x770ea000 	C:\Windows\syswow64\LPK.dll
0x772e0000 - 0x7737d000 	C:\Windows\syswow64\USP10.dll
0x72970000 - 0x72b0e000 	C:\Windows\WinSxS\x86_microsoft.windows.common-controls_6595b64144ccf1df_6.0.7601.18837_none_41e855142bd5705d\COMCTL32.dll
0x76970000 - 0x769c7000 	C:\Windows\syswow64\SHLWAPI.dll
0x75890000 - 0x758f0000 	C:\Windows\system32\IMM32.DLL
0x77010000 - 0x770dc000 	C:\Windows\syswow64\MSCTF.dll
0x722b0000 - 0x722dc000 	C:\Windows\SysWOW64\nvinit.dll
0x0f000000 - 0x0f006000 	C:\Program Files (x86)\NVIDIA Corporation\CoProcManager\detoured.dll
0x722e0000 - 0x7230b000 	C:\Program Files (x86)\NVIDIA Corporation\CoProcManager\nvd3d9wrap.dll
0x773f0000 - 0x7758d000 	C:\Windows\syswow64\SETUPAPI.dll
0x770f0000 - 0x77117000 	C:\Windows\syswow64\CFGMGR32.dll
0x77250000 - 0x772df000 	C:\Windows\syswow64\OLEAUT32.dll
0x76c10000 - 0x76d6c000 	C:\Windows\syswow64\ole32.dll
0x77230000 - 0x77242000 	C:\Windows\syswow64\DEVOBJ.dll
0x72290000 - 0x722af000 	C:\Program Files (x86)\NVIDIA Corporation\CoProcManager\nvdxgiwrap.dll
0x68940000 - 0x689fe000 	D:\Java\jdk1.7.0_02\jre\bin\msvcr100.dll
0x67ba0000 - 0x67ec8000 	D:\Java\jdk1.7.0_02\jre\bin\client\jvm.dll
0x6c2d0000 - 0x6c2d7000 	C:\Windows\system32\WSOCK32.dll
0x77120000 - 0x77155000 	C:\Windows\syswow64\WS2_32.dll
0x76fb0000 - 0x76fb6000 	C:\Windows\syswow64\NSI.dll
0x72d90000 - 0x72dc2000 	C:\Windows\system32\WINMM.dll
0x77380000 - 0x77385000 	C:\Windows\syswow64\PSAPI.DLL
0x6e290000 - 0x6e29c000 	D:\Java\jdk1.7.0_02\jre\bin\verify.dll
0x6ad30000 - 0x6ad50000 	D:\Java\jdk1.7.0_02\jre\bin\java.dll
0x6b970000 - 0x6b99a000 	D:\Java\jdk1.7.0_02\jre\bin\jdwp.dll
0x6e550000 - 0x6e557000 	D:\Java\jdk1.7.0_02\jre\bin\npt.dll
0x69c00000 - 0x69c13000 	D:\Java\jdk1.7.0_02\jre\bin\zip.dll
0x6e380000 - 0x6e388000 	D:\Java\jdk1.7.0_02\jre\bin\dt_socket.dll
0x71d30000 - 0x71d40000 	C:\Windows\system32\NLAapi.dll
0x6fd00000 - 0x6fd10000 	C:\Windows\system32\napinsp.dll
0x6fce0000 - 0x6fcf2000 	C:\Windows\system32\pnrpnsp.dll
0x72000000 - 0x7203c000 	C:\Windows\System32\mswsock.dll
0x72bd0000 - 0x72c14000 	C:\Windows\system32\DNSAPI.dll
0x6fca0000 - 0x6fca8000 	C:\Windows\System32\winrnr.dll
0x6fc90000 - 0x6fc9d000 	C:\Windows\system32\wshbth.dll
0x72fa0000 - 0x72fbc000 	C:\Windows\system32\IPHLPAPI.DLL
0x72f90000 - 0x72f97000 	C:\Windows\system32\WINNSI.DLL
0x719b0000 - 0x719e8000 	C:\Windows\System32\fwpuclnt.dll
0x71d00000 - 0x71d06000 	C:\Windows\system32\rasadhlp.dll
0x71d20000 - 0x71d25000 	C:\Windows\System32\wshtcpip.dll
0x00c60000 - 0x00cd0000 	C:\Users\Administrator\.swt\lib\win32\x86\swt-win32-4528.dll
0x77590000 - 0x7760b000 	C:\Windows\syswow64\comdlg32.dll
0x75bc0000 - 0x7680b000 	C:\Windows\syswow64\SHELL32.dll
0x746a0000 - 0x746f1000 	C:\Windows\system32\WINSPOOL.DRV
0x756e0000 - 0x757d5000 	C:\Windows\syswow64\WININET.dll
0x769d0000 - 0x76b10000 	C:\Windows\syswow64\urlmon.dll
0x76f80000 - 0x76faf000 	C:\Windows\syswow64\XmlLite.dll
0x76810000 - 0x76931000 	C:\Windows\syswow64\CRYPT32.dll
0x77ac0000 - 0x77acc000 	C:\Windows\syswow64\MSASN1.dll
0x76d70000 - 0x76f71000 	C:\Windows\syswow64\iertutil.dll
0x71f50000 - 0x71fd0000 	C:\Windows\system32\uxtheme.dll
0x71e70000 - 0x71ebc000 	C:\Windows\system32\apphelp.dll
0x05bb0000 - 0x060b2000 	C:\Windows\system32\SOGOUPY.IME
0x723f0000 - 0x723f5000 	C:\Windows\system32\MSIMG32.dll
0x723b0000 - 0x723ec000 	C:\Windows\system32\OLEACC.dll
0x71fd0000 - 0x71ff1000 	C:\Windows\system32\ntmarta.dll
0x77610000 - 0x77655000 	C:\Windows\syswow64\WLDAP32.dll
0x731f0000 - 0x731f9000 	C:\Windows\system32\VERSION.dll
0x719f0000 - 0x71a03000 	C:\Windows\system32\dwmapi.dll
0x71160000 - 0x712f5000 	D:\sogoupinyin\Components\PicFace\1.0.0.1456\PicFace.dll
0x731b0000 - 0x731bb000 	C:\Windows\system32\profapi.dll
0x06830000 - 0x0690d000 	D:\sogoupinyin\8.0.0.8210\Resource.dll
0x67b80000 - 0x67b94000 	D:\Java\jdk1.7.0_02\jre\bin\net.dll
0x71d10000 - 0x71d16000 	C:\Windows\System32\wship6.dll
0x6e100000 - 0x6e10f000 	D:\Java\jdk1.7.0_02\jre\bin\nio.dll

VM Arguments:
jvm_args: -agentlib:jdwp=transport=dt_socket,suspend=y,address=localhost:51152 -Dfile.encoding=UTF-8 
java_command: com.yc.Hotel.ui.AddOperaterInfo
Launcher Type: SUN_STANDARD

Environment Variables:
JAVA_HOME=D:\Java\jdk1.7.0_02
CLASSPATH=.;D:\Java\jdk1.7.0_02\lib;D:\Java\jdk1.7.0_02\lib\tools.jar;
PATH=D:/Java/jdk1.7.0_02/bin/../jre/bin/client;D:/Java/jdk1.7.0_02/bin/../jre/bin;D:/Java/jdk1.7.0_02/bin/../jre/lib/i386;D:\oracle\product\10.2.0\db_1\bin;C:\Windows\system32;C:\Windows;C:\Windows\System32\Wbem;C:\Windows\System32\WindowsPowerShell\v1.0\;.;D:\Java\jdk1.7.0_02\bin;D:\Java\jdk1.7.0_02\jre\bin; ;D:\eclipse;
USERNAME=Administrator
OS=Windows_NT
PROCESSOR_IDENTIFIER=Intel64 Family 6 Model 69 Stepping 1, GenuineIntel



---------------  S Y S T E M  ---------------

OS: Windows 7 , 64 bit Build 7601 Service Pack 1

CPU:total 4 (2 cores per cpu, 2 threads per core) family 6 model 69 stepping 1, cmov, cx8, fxsr, mmx, sse, sse2, sse3, ssse3, sse4.1, sse4.2, popcnt, ht

Memory: 4k page, physical 4074748k(1475412k free), swap 8147660k(4383780k free)

vm_info: Java HotSpot(TM) Client VM (22.0-b10) for windows-x86 JRE (1.7.0_02-b13), built on Nov 17 2011 17:17:32 by "java_re" with unknown MS VC++:1600

time: Thu Sep 01 20:02:51 2016
elapsed time: 110 seconds

